[2025-06-17 13:34:12,882] {taskinstance.py:896} INFO - Dependencies all met for <TaskInstance: generate_dimension_tables.generate_dimensions 2025-06-17T13:34:08.009549+00:00 [queued]>
[2025-06-17 13:34:12,912] {taskinstance.py:896} INFO - Dependencies all met for <TaskInstance: generate_dimension_tables.generate_dimensions 2025-06-17T13:34:08.009549+00:00 [queued]>
[2025-06-17 13:34:12,912] {taskinstance.py:1087} INFO - 
--------------------------------------------------------------------------------
[2025-06-17 13:34:12,912] {taskinstance.py:1088} INFO - Starting attempt 1 of 1
[2025-06-17 13:34:12,912] {taskinstance.py:1089} INFO - 
--------------------------------------------------------------------------------
[2025-06-17 13:34:12,923] {taskinstance.py:1107} INFO - Executing <Task(PythonOperator): generate_dimensions> on 2025-06-17T13:34:08.009549+00:00
[2025-06-17 13:34:12,934] {standard_task_runner.py:52} INFO - Started process 145 to run task
[2025-06-17 13:34:12,939] {standard_task_runner.py:76} INFO - Running: ['***', 'tasks', 'run', 'generate_dimension_tables', 'generate_dimensions', '2025-06-17T13:34:08.009549+00:00', '--job-id', '17', '--pool', 'default_pool', '--raw', '--subdir', 'DAGS_FOLDER/generate_dimension_csvs.py', '--cfg-path', '/tmp/tmpp9pct351', '--error-file', '/tmp/tmpgw1kvwr7']
[2025-06-17 13:34:12,939] {standard_task_runner.py:77} INFO - Job 17: Subtask generate_dimensions
[2025-06-17 13:34:13,228] {logging_mixin.py:104} INFO - Running <TaskInstance: generate_dimension_tables.generate_dimensions 2025-06-17T13:34:08.009549+00:00 [running]> on host 1a874da6419e
[2025-06-17 13:34:13,383] {taskinstance.py:1302} INFO - Exporting the following env vars:
AIRFLOW_CTX_DAG_OWNER=***
AIRFLOW_CTX_DAG_ID=generate_dimension_tables
AIRFLOW_CTX_TASK_ID=generate_dimensions
AIRFLOW_CTX_EXECUTION_DATE=2025-06-17T13:34:08.009549+00:00
AIRFLOW_CTX_DAG_RUN_ID=manual__2025-06-17T13:34:08.009549+00:00
[2025-06-17 13:34:13,384] {generate_dimension_csvs.py:18} INFO - Reading data from /opt/***/data/cleaned/cleaned_data.csv
[2025-06-17 13:34:14,360] {generate_dimension_csvs.py:20} INFO - Loaded 397884 records
[2025-06-17 13:34:17,381] {generate_dimension_csvs.py:26} INFO - Generating customers dimension table
[2025-06-17 13:34:17,619] {generate_dimension_csvs.py:31} INFO - Created customers.csv with 4346 records
[2025-06-17 13:34:17,619] {generate_dimension_csvs.py:34} INFO - Generating products dimension table
[2025-06-17 13:34:17,763] {generate_dimension_csvs.py:39} INFO - Created products.csv with 3897 records
[2025-06-17 13:34:17,763] {generate_dimension_csvs.py:42} INFO - Generating dates dimension table
[2025-06-17 13:34:17,949] {generate_dimension_csvs.py:56} INFO - Created dates.csv with 17282 records
[2025-06-17 13:34:17,949] {generate_dimension_csvs.py:59} INFO - Generating sales fact table
[2025-06-17 13:34:29,346] {local_task_job.py:151} INFO - Task exited with return code Negsignal.SIGKILL
