[2025-06-17 13:24:34,308] {taskinstance.py:896} INFO - Dependencies all met for <TaskInstance: generate_dimension_tables.generate_dimensions 2025-06-17T13:24:29.712430+00:00 [queued]>
[2025-06-17 13:24:34,319] {taskinstance.py:896} INFO - Dependencies all met for <TaskInstance: generate_dimension_tables.generate_dimensions 2025-06-17T13:24:29.712430+00:00 [queued]>
[2025-06-17 13:24:34,319] {taskinstance.py:1087} INFO - 
--------------------------------------------------------------------------------
[2025-06-17 13:24:34,319] {taskinstance.py:1088} INFO - Starting attempt 1 of 1
[2025-06-17 13:24:34,320] {taskinstance.py:1089} INFO - 
--------------------------------------------------------------------------------
[2025-06-17 13:24:34,338] {taskinstance.py:1107} INFO - Executing <Task(PythonOperator): generate_dimensions> on 2025-06-17T13:24:29.712430+00:00
[2025-06-17 13:24:34,345] {standard_task_runner.py:52} INFO - Started process 143 to run task
[2025-06-17 13:24:34,350] {standard_task_runner.py:76} INFO - Running: ['***', 'tasks', 'run', 'generate_dimension_tables', 'generate_dimensions', '2025-06-17T13:24:29.712430+00:00', '--job-id', '15', '--pool', 'default_pool', '--raw', '--subdir', 'DAGS_FOLDER/generate_dimension_csvs.py', '--cfg-path', '/tmp/tmpbq97pm6k', '--error-file', '/tmp/tmp7xe0lfcc']
[2025-06-17 13:24:34,351] {standard_task_runner.py:77} INFO - Job 15: Subtask generate_dimensions
[2025-06-17 13:24:34,429] {logging_mixin.py:104} INFO - Running <TaskInstance: generate_dimension_tables.generate_dimensions 2025-06-17T13:24:29.712430+00:00 [running]> on host 438abea660cb
[2025-06-17 13:24:34,529] {taskinstance.py:1302} INFO - Exporting the following env vars:
AIRFLOW_CTX_DAG_OWNER=***
AIRFLOW_CTX_DAG_ID=generate_dimension_tables
AIRFLOW_CTX_TASK_ID=generate_dimensions
AIRFLOW_CTX_EXECUTION_DATE=2025-06-17T13:24:29.712430+00:00
AIRFLOW_CTX_DAG_RUN_ID=manual__2025-06-17T13:24:29.712430+00:00
[2025-06-17 13:24:35,178] {logging_mixin.py:104} INFO - Loaded 397884 rows
[2025-06-17 13:24:46,781] {local_task_job.py:151} INFO - Task exited with return code Negsignal.SIGKILL
