[2025-06-17 13:15:33,365] {taskinstance.py:896} INFO - Dependencies all met for <TaskInstance: generate_dimension_tables.generate_dimensions 2025-06-17T13:15:27.602777+00:00 [queued]>
[2025-06-17 13:15:33,398] {taskinstance.py:896} INFO - Dependencies all met for <TaskInstance: generate_dimension_tables.generate_dimensions 2025-06-17T13:15:27.602777+00:00 [queued]>
[2025-06-17 13:15:33,398] {taskinstance.py:1087} INFO - 
--------------------------------------------------------------------------------
[2025-06-17 13:15:33,398] {taskinstance.py:1088} INFO - Starting attempt 1 of 1
[2025-06-17 13:15:33,399] {taskinstance.py:1089} INFO - 
--------------------------------------------------------------------------------
[2025-06-17 13:15:33,414] {taskinstance.py:1107} INFO - Executing <Task(PythonOperator): generate_dimensions> on 2025-06-17T13:15:27.602777+00:00
[2025-06-17 13:15:33,424] {standard_task_runner.py:52} INFO - Started process 155 to run task
[2025-06-17 13:15:33,450] {standard_task_runner.py:76} INFO - Running: ['***', 'tasks', 'run', 'generate_dimension_tables', 'generate_dimensions', '2025-06-17T13:15:27.602777+00:00', '--job-id', '13', '--pool', 'default_pool', '--raw', '--subdir', 'DAGS_FOLDER/generate_dimension_csvs.py', '--cfg-path', '/tmp/tmpy0f45t0n', '--error-file', '/tmp/tmpmyjh_cnc']
[2025-06-17 13:15:33,451] {standard_task_runner.py:77} INFO - Job 13: Subtask generate_dimensions
[2025-06-17 13:15:33,547] {logging_mixin.py:104} INFO - Running <TaskInstance: generate_dimension_tables.generate_dimensions 2025-06-17T13:15:27.602777+00:00 [running]> on host 6cc2bb5df348
[2025-06-17 13:15:33,661] {taskinstance.py:1302} INFO - Exporting the following env vars:
AIRFLOW_CTX_DAG_OWNER=***
AIRFLOW_CTX_DAG_ID=generate_dimension_tables
AIRFLOW_CTX_TASK_ID=generate_dimensions
AIRFLOW_CTX_EXECUTION_DATE=2025-06-17T13:15:27.602777+00:00
AIRFLOW_CTX_DAG_RUN_ID=manual__2025-06-17T13:15:27.602777+00:00
[2025-06-17 13:15:34,614] {logging_mixin.py:104} INFO - Loaded 397884 rows
[2025-06-17 13:15:57,943] {local_task_job.py:151} INFO - Task exited with return code Negsignal.SIGKILL
