[2025-06-17 20:56:45,091] {taskinstance.py:896} INFO - Dependencies all met for <TaskInstance: load_csvs_to_postgres.load_csv_files 2025-06-17T20:56:43.226852+00:00 [queued]>
[2025-06-17 20:56:45,117] {taskinstance.py:896} INFO - Dependencies all met for <TaskInstance: load_csvs_to_postgres.load_csv_files 2025-06-17T20:56:43.226852+00:00 [queued]>
[2025-06-17 20:56:45,118] {taskinstance.py:1087} INFO - 
--------------------------------------------------------------------------------
[2025-06-17 20:56:45,118] {taskinstance.py:1088} INFO - Starting attempt 1 of 1
[2025-06-17 20:56:45,118] {taskinstance.py:1089} INFO - 
--------------------------------------------------------------------------------
[2025-06-17 20:56:45,128] {taskinstance.py:1107} INFO - Executing <Task(PythonOperator): load_csv_files> on 2025-06-17T20:56:43.226852+00:00
[2025-06-17 20:56:45,135] {standard_task_runner.py:52} INFO - Started process 578 to run task
[2025-06-17 20:56:45,140] {standard_task_runner.py:76} INFO - Running: ['***', 'tasks', 'run', 'load_csvs_to_postgres', 'load_csv_files', '2025-06-17T20:56:43.226852+00:00', '--job-id', '38', '--pool', 'default_pool', '--raw', '--subdir', 'DAGS_FOLDER/load_to_postgres.py', '--cfg-path', '/tmp/tmp7fk4ys5x', '--error-file', '/tmp/tmp3ii9adcs']
[2025-06-17 20:56:45,141] {standard_task_runner.py:77} INFO - Job 38: Subtask load_csv_files
[2025-06-17 20:56:45,210] {logging_mixin.py:104} INFO - Running <TaskInstance: load_csvs_to_postgres.load_csv_files 2025-06-17T20:56:43.226852+00:00 [running]> on host 85f4dd650f53
[2025-06-17 20:56:45,311] {taskinstance.py:1302} INFO - Exporting the following env vars:
AIRFLOW_CTX_DAG_OWNER=***
AIRFLOW_CTX_DAG_ID=load_csvs_to_postgres
AIRFLOW_CTX_TASK_ID=load_csv_files
AIRFLOW_CTX_EXECUTION_DATE=2025-06-17T20:56:43.226852+00:00
AIRFLOW_CTX_DAG_RUN_ID=manual__2025-06-17T20:56:43.226852+00:00
[2025-06-17 20:56:59,448] {python.py:151} INFO - Done. Returned value was: None
[2025-06-17 20:56:59,465] {taskinstance.py:1211} INFO - Marking task as SUCCESS. dag_id=load_csvs_to_postgres, task_id=load_csv_files, execution_date=20250617T205643, start_date=20250617T205645, end_date=20250617T205659
[2025-06-17 20:56:59,511] {taskinstance.py:1265} INFO - 0 downstream tasks scheduled from follow-on schedule check
[2025-06-17 20:56:59,556] {local_task_job.py:151} INFO - Task exited with return code 0
